2024-10-29 20:17:57,616 - werkzeug - INFO - [31m[1mWARNING: This is a development server. Do not use it in a production deployment. Use a production WSGI server instead.[0m
 * Running on http://127.0.0.1:5000
2024-10-29 20:17:57,616 - werkzeug - INFO - [33mPress CTRL+C to quit[0m
2024-10-29 20:19:02,418 - instance.logger - INFO - Server Started
2024-10-29 20:19:04,620 - instance.logger - INFO - Server Started
2024-10-29 20:19:04,642 - werkzeug - INFO - [31m[1mWARNING: This is a development server. Do not use it in a production deployment. Use a production WSGI server instead.[0m
 * Running on http://127.0.0.1:5000
2024-10-29 20:19:04,643 - werkzeug - INFO - [33mPress CTRL+C to quit[0m
2024-10-29 20:19:46,338 - instance.logger - INFO - Server Started
2024-10-29 20:19:46,413 - werkzeug - INFO - [31m[1mWARNING: This is a development server. Do not use it in a production deployment. Use a production WSGI server instead.[0m
 * Running on http://127.0.0.1:5000
2024-10-29 20:19:46,414 - werkzeug - INFO - [33mPress CTRL+C to quit[0m
2024-10-29 20:19:46,416 - werkzeug - INFO -  * Restarting with stat
2024-10-29 20:19:46,957 - instance.logger - INFO - Server Started
2024-10-29 20:19:46,989 - werkzeug - WARNING -  * Debugger is active!
2024-10-29 20:19:47,012 - werkzeug - INFO -  * Debugger PIN: 271-492-752
2024-10-29 20:20:43,150 - werkzeug - INFO -  * Detected change in 'C:\\Users\\rvk30\\Coding\\UC-Clone\\backend\\main.py', reloading
2024-10-29 20:20:43,236 - werkzeug - INFO -  * Restarting with stat
2024-10-29 20:20:44,132 - werkzeug - WARNING -  * Debugger is active!
2024-10-29 20:20:44,139 - werkzeug - INFO -  * Debugger PIN: 271-492-752
2024-10-29 20:20:48,880 - werkzeug - INFO - [31m[1mWARNING: This is a development server. Do not use it in a production deployment. Use a production WSGI server instead.[0m
 * Running on http://127.0.0.1:5000
2024-10-29 20:20:48,880 - werkzeug - INFO - [33mPress CTRL+C to quit[0m
2024-10-29 20:20:48,886 - werkzeug - INFO -  * Restarting with stat
2024-10-29 20:20:49,421 - werkzeug - WARNING -  * Debugger is active!
2024-10-29 20:20:49,428 - werkzeug - INFO -  * Debugger PIN: 271-492-752
2024-10-29 20:24:46,720 - werkzeug - INFO -  * Detected change in 'C:\\Users\\rvk30\\Coding\\UC-Clone\\backend\\main.py', reloading
2024-10-29 20:24:46,899 - werkzeug - INFO -  * Restarting with stat
